# JRE version: OpenJDK Runtime Environment Temurin-17.0.5+8 (17.0.5+8) (build 17.0.5+8)
# Java VM: OpenJDK 64-Bit Server VM Temurin-17.0.5+8 (17.0.5+8, mixed mode, tiered, compressed oops, compressed class ptrs, parallel gc, windows-amd64)
GC Precious Log:
 CPUs: 4 total, 4 available
 Memory: 4011M
 Large Page Support: Disabled
 NUMA Support: Disabled
 Compressed Oops: Enabled (32-bit)
 Alignments: Space 512K, Generation 512K, Heap 2M
 Heap Min Capacity: 100M
 Heap Initial Capacity: 100M
 Heap Max Capacity: 1G
 Pre-touch: Disabled
 Parallel Workers: 4
Heap:
 PSYoungGen      total 12800K, used 2209K [0x00000000eab00000, 0x00000000eba00000, 0x0000000100000000)
  eden space 12288K, 13% used [0x00000000eab00000,0x00000000eaca84c0,0x00000000eb700000)
  from space 512K, 100% used [0x00000000eb980000,0x00000000eba00000,0x00000000eba00000)
  to   space 1536K, 0% used [0x00000000eb700000,0x00000000eb700000,0x00000000eb880000)
 ParOldGen       total 136192K, used 133198K [0x00000000c0000000, 0x00000000c8500000, 0x00000000eab00000)
  object space 136192K, 97% used [0x00000000c0000000,0x00000000c82138d8,0x00000000c8500000)
 Metaspace       used 94456K, committed 95744K, reserved 1138688K
  class space    used 9137K, committed 9664K, reserved 1048576K
GC Heap History (20 events):
Event: 18491.484 GC heap before
{Heap before GC invocations=28850 (full 739):
 PSYoungGen      total 9216K, used 8858K [0x00000000eab00000, 0x00000000eb500000, 0x0000000100000000)
  eden space 8192K, 100% used [0x00000000eab00000,0x00000000eb300000,0x00000000eb300000)
  from space 1024K, 65% used [0x00000000eb400000,0x00000000eb4a6900,0x00000000eb500000)
  to   space 1024K, 0% used [0x00000000eb300000,0x00000000eb300000,0x00000000eb400000)
 ParOldGen       total 136192K, used 118221K [0x00000000c0000000, 0x00000000c8500000, 0x00000000eab00000)
  object space 136192K, 86% used [0x00000000c0000000,0x00000000c73735b8,0x00000000c8500000)
 Metaspace       used 94456K, committed 95744K, reserved 1138688K
  class space    used 9137K, committed 9664K, reserved 1048576K
}
Event: 18491.488 GC heap after
{Heap after GC invocations=28850 (full 739):
 PSYoungGen      total 9216K, used 288K [0x00000000eab00000, 0x00000000eb480000, 0x0000000100000000)
  eden space 8192K, 0% used [0x00000000eab00000,0x00000000eab00000,0x00000000eb300000)
  from space 1024K, 28% used [0x00000000eb300000,0x00000000eb348000,0x00000000eb400000)
  to   space 512K, 0% used [0x00000000eb400000,0x00000000eb400000,0x00000000eb480000)
 ParOldGen       total 136192K, used 118868K [0x00000000c0000000, 0x00000000c8500000, 0x00000000eab00000)
  object space 136192K, 87% used [0x00000000c0000000,0x00000000c74152c8,0x00000000c8500000)
 Metaspace       used 94456K, committed 95744K, reserved 1138688K
  class space    used 9137K, committed 9664K, reserved 1048576K
}
Event: 18491.515 GC heap before
{Heap before GC invocations=28851 (full 739):
 PSYoungGen      total 9216K, used 8480K [0x00000000eab00000, 0x00000000eb480000, 0x0000000100000000)
  eden space 8192K, 100% used [0x00000000eab00000,0x00000000eb300000,0x00000000eb300000)
  from space 1024K, 28% used [0x00000000eb300000,0x00000000eb348000,0x00000000eb400000)
  to   space 512K, 0% used [0x00000000eb400000,0x00000000eb400000,0x00000000eb480000)
 ParOldGen       total 136192K, used 118868K [0x00000000c0000000, 0x00000000c8500000, 0x00000000eab00000)
  object space 136192K, 87% used [0x00000000c0000000,0x00000000c74152c8,0x00000000c8500000)
 Metaspace       used 94456K, committed 95744K, reserved 1138688K
  class space    used 9137K, committed 9664K, reserved 1048576K
}
Event: 18491.520 GC heap after
{Heap after GC invocations=28851 (full 739):
 PSYoungGen      total 8704K, used 512K [0x00000000eab00000, 0x00000000eb500000, 0x0000000100000000)
  eden space 8192K, 0% used [0x00000000eab00000,0x00000000eab00000,0x00000000eb300000)
  from space 512K, 100% used [0x00000000eb400000,0x00000000eb480000,0x00000000eb480000)
  to   space 1024K, 0% used [0x00000000eb300000,0x00000000eb300000,0x00000000eb400000)
 ParOldGen       total 136192K, used 119156K [0x00000000c0000000, 0x00000000c8500000, 0x00000000eab00000)
  object space 136192K, 87% used [0x00000000c0000000,0x00000000c745d308,0x00000000c8500000)
 Metaspace       used 94456K, committed 95744K, reserved 1138688K
  class space    used 9137K, committed 9664K, reserved 1048576K
}
Event: 18491.557 GC heap before
{Heap before GC invocations=28852 (full 739):
 PSYoungGen      total 8704K, used 8704K [0x00000000eab00000, 0x00000000eb500000, 0x0000000100000000)
  eden space 8192K, 100% used [0x00000000eab00000,0x00000000eb300000,0x00000000eb300000)
  from space 512K, 100% used [0x00000000eb400000,0x00000000eb480000,0x00000000eb480000)
  to   space 1024K, 0% used [0x00000000eb300000,0x00000000eb300000,0x00000000eb400000)
 ParOldGen       total 136192K, used 119156K [0x00000000c0000000, 0x00000000c8500000, 0x00000000eab00000)
  object space 136192K, 87% used [0x00000000c0000000,0x00000000c745d308,0x00000000c8500000)
 Metaspace       used 94456K, committed 95744K, reserved 1138688K
  class space    used 9137K, committed 9664K, reserved 1048576K
}
Event: 18491.564 GC heap after
{Heap after GC invocations=28852 (full 739):
 PSYoungGen      total 9216K, used 1011K [0x00000000eab00000, 0x00000000ec400000, 0x0000000100000000)
  eden space 8192K, 0% used [0x00000000eab00000,0x00000000eab00000,0x00000000eb300000)
  from space 1024K, 98% used [0x00000000eb300000,0x00000000eb3fcfb8,0x00000000eb400000)
  to   space 8704K, 0% used [0x00000000ebb80000,0x00000000ebb80000,0x00000000ec400000)
 ParOldGen       total 136192K, used 125552K [0x00000000c0000000, 0x00000000c8500000, 0x00000000eab00000)
  object space 136192K, 92% used [0x00000000c0000000,0x00000000c7a9c0f0,0x00000000c8500000)
 Metaspace       used 94456K, committed 95744K, reserved 1138688K
  class space    used 9137K, committed 9664K, reserved 1048576K
}
Event: 18491.575 GC heap before
{Heap before GC invocations=28853 (full 739):
 PSYoungGen      total 9216K, used 9203K [0x00000000eab00000, 0x00000000ec400000, 0x0000000100000000)
  eden space 8192K, 100% used [0x00000000eab00000,0x00000000eb300000,0x00000000eb300000)
  from space 1024K, 98% used [0x00000000eb300000,0x00000000eb3fcfb8,0x00000000eb400000)
  to   space 8704K, 0% used [0x00000000ebb80000,0x00000000ebb80000,0x00000000ec400000)
 ParOldGen       total 136192K, used 125552K [0x00000000c0000000, 0x00000000c8500000, 0x00000000eab00000)
  object space 136192K, 92% used [0x00000000c0000000,0x00000000c7a9c0f0,0x00000000c8500000)
 Metaspace       used 94456K, committed 95744K, reserved 1138688K
  class space    used 9137K, committed 9664K, reserved 1048576K
}
Event: 18491.579 GC heap after
{Heap after GC invocations=28853 (full 739):
 PSYoungGen      total 10752K, used 2074K [0x00000000eab00000, 0x00000000ebe00000, 0x0000000100000000)
  eden space 8192K, 0% used [0x00000000eab00000,0x00000000eab00000,0x00000000eb300000)
  from space 2560K, 81% used [0x00000000ebb80000,0x00000000ebd86900,0x00000000ebe00000)
  to   space 4096K, 0% used [0x00000000eb600000,0x00000000eb600000,0x00000000eba00000)
 ParOldGen       total 136192K, used 126523K [0x00000000c0000000, 0x00000000c8500000, 0x00000000eab00000)
  object space 136192K, 92% used [0x00000000c0000000,0x00000000c7b8eeb8,0x00000000c8500000)
 Metaspace       used 94456K, committed 95744K, reserved 1138688K
  class space    used 9137K, committed 9664K, reserved 1048576K
}
Event: 18491.585 GC heap before
{Heap before GC invocations=28854 (full 739):
 PSYoungGen      total 10752K, used 10266K [0x00000000eab00000, 0x00000000ebe00000, 0x0000000100000000)
  eden space 8192K, 100% used [0x00000000eab00000,0x00000000eb300000,0x00000000eb300000)
  from space 2560K, 81% used [0x00000000ebb80000,0x00000000ebd86900,0x00000000ebe00000)
  to   space 4096K, 0% used [0x00000000eb600000,0x00000000eb600000,0x00000000eba00000)
 ParOldGen       total 136192K, used 126523K [0x00000000c0000000, 0x00000000c8500000, 0x00000000eab00000)
  object space 136192K, 92% used [0x00000000c0000000,0x00000000c7b8eeb8,0x00000000c8500000)
 Metaspace       used 94456K, committed 95744K, reserved 1138688K
  class space    used 9137K, committed 9664K, reserved 1048576K
}
Event: 18491.587 GC heap after
{Heap after GC invocations=28854 (full 739):
 PSYoungGen      total 14336K, used 288K [0x00000000eab00000, 0x00000000ebc00000, 0x0000000100000000)
  eden space 10240K, 0% used [0x00000000eab00000,0x00000000eab00000,0x00000000eb500000)
  from space 4096K, 7% used [0x00000000eb600000,0x00000000eb648000,0x00000000eba00000)
  to   space 1536K, 0% used [0x00000000eba80000,0x00000000eba80000,0x00000000ebc00000)
 ParOldGen       total 136192K, used 128560K [0x00000000c0000000, 0x00000000c8500000, 0x00000000eab00000)
  object space 136192K, 94% used [0x00000000c0000000,0x00000000c7d8c0d8,0x00000000c8500000)
 Metaspace       used 94456K, committed 95744K, reserved 1138688K
  class space    used 9137K, committed 9664K, reserved 1048576K
}
Event: 18491.595 GC heap before
{Heap before GC invocations=28855 (full 739):
 PSYoungGen      total 14336K, used 10528K [0x00000000eab00000, 0x00000000ebc00000, 0x0000000100000000)
  eden space 10240K, 100% used [0x00000000eab00000,0x00000000eb500000,0x00000000eb500000)
  from space 4096K, 7% used [0x00000000eb600000,0x00000000eb648000,0x00000000eba00000)
  to   space 1536K, 0% used [0x00000000eba80000,0x00000000eba80000,0x00000000ebc00000)
 ParOldGen       total 136192K, used 128560K [0x00000000c0000000, 0x00000000c8500000, 0x00000000eab00000)
  object space 136192K, 94% used [0x00000000c0000000,0x00000000c7d8c0d8,0x00000000c8500000)
 Metaspace       used 94456K, committed 95744K, reserved 1138688K
  class space    used 9137K, committed 9664K, reserved 1048576K
}
Event: 18491.596 GC heap after
{Heap after GC invocations=28855 (full 739):
 PSYoungGen      total 10752K, used 512K [0x00000000eab00000, 0x00000000ebb00000, 0x0000000100000000)
  eden space 10240K, 0% used [0x00000000eab00000,0x00000000eab00000,0x00000000eb500000)
  from space 512K, 100% used [0x00000000eba80000,0x00000000ebb00000,0x00000000ebb00000)
  to   space 1024K, 0% used [0x00000000eb900000,0x00000000eb900000,0x00000000eba00000)
 ParOldGen       total 136192K, used 128760K [0x00000000c0000000, 0x00000000c8500000, 0x00000000eab00000)
  object space 136192K, 94% used [0x00000000c0000000,0x00000000c7dbe118,0x00000000c8500000)
 Metaspace       used 94456K, committed 95744K, reserved 1138688K
  class space    used 9137K, committed 9664K, reserved 1048576K
}
Event: 18491.607 GC heap before
{Heap before GC invocations=28856 (full 739):
 PSYoungGen      total 10752K, used 10752K [0x00000000eab00000, 0x00000000ebb00000, 0x0000000100000000)
  eden space 10240K, 100% used [0x00000000eab00000,0x00000000eb500000,0x00000000eb500000)
  from space 512K, 100% used [0x00000000eba80000,0x00000000ebb00000,0x00000000ebb00000)
  to   space 1024K, 0% used [0x00000000eb900000,0x00000000eb900000,0x00000000eba00000)
 ParOldGen       total 136192K, used 128760K [0x00000000c0000000, 0x00000000c8500000, 0x00000000eab00000)
  object space 136192K, 94% used [0x00000000c0000000,0x00000000c7dbe118,0x00000000c8500000)
 Metaspace       used 94456K, committed 95744K, reserved 1138688K
  class space    used 9137K, committed 9664K, reserved 1048576K
}
Event: 18491.609 GC heap after
{Heap after GC invocations=28856 (full 739):
 PSYoungGen      total 11264K, used 1018K [0x00000000eab00000, 0x00000000ebb00000, 0x0000000100000000)
  eden space 10240K, 0% used [0x00000000eab00000,0x00000000eab00000,0x00000000eb500000)
  from space 1024K, 99% used [0x00000000eb900000,0x00000000eb9fe900,0x00000000eba00000)
  to   space 1024K, 0% used [0x00000000eba00000,0x00000000eba00000,0x00000000ebb00000)
 ParOldGen       total 136192K, used 129240K [0x00000000c0000000, 0x00000000c8500000, 0x00000000eab00000)
  object space 136192K, 94% used [0x00000000c0000000,0x00000000c7e36178,0x00000000c8500000)
 Metaspace       used 94456K, committed 95744K, reserved 1138688K
  class space    used 9137K, committed 9664K, reserved 1048576K
}
Event: 18491.616 GC heap before
{Heap before GC invocations=28857 (full 739):
 PSYoungGen      total 11264K, used 11258K [0x00000000eab00000, 0x00000000ebb00000, 0x0000000100000000)
  eden space 10240K, 100% used [0x00000000eab00000,0x00000000eb500000,0x00000000eb500000)
  from space 1024K, 99% used [0x00000000eb900000,0x00000000eb9fe900,0x00000000eba00000)
  to   space 1024K, 0% used [0x00000000eba00000,0x00000000eba00000,0x00000000ebb00000)
 ParOldGen       total 136192K, used 129240K [0x00000000c0000000, 0x00000000c8500000, 0x00000000eab00000)
  object space 136192K, 94% used [0x00000000c0000000,0x00000000c7e36178,0x00000000c8500000)
 Metaspace       used 94456K, committed 95744K, reserved 1138688K
  class space    used 9137K, committed 9664K, reserved 1048576K
}
Event: 18491.618 GC heap after
{Heap after GC invocations=28857 (full 739):
 PSYoungGen      total 12800K, used 416K [0x00000000eab00000, 0x00000000eba80000, 0x0000000100000000)
  eden space 12288K, 0% used [0x00000000eab00000,0x00000000eab00000,0x00000000eb700000)
  from space 512K, 81% used [0x00000000eba00000,0x00000000eba68000,0x00000000eba80000)
  to   space 1024K, 0% used [0x00000000eb880000,0x00000000eb880000,0x00000000eb980000)
 ParOldGen       total 136192K, used 130258K [0x00000000c0000000, 0x00000000c8500000, 0x00000000eab00000)
  object space 136192K, 95% used [0x00000000c0000000,0x00000000c7f349f8,0x00000000c8500000)
 Metaspace       used 94456K, committed 95744K, reserved 1138688K
  class space    used 9137K, committed 9664K, reserved 1048576K
}
Event: 18491.630 GC heap before
{Heap before GC invocations=28858 (full 739):
 PSYoungGen      total 12800K, used 12704K [0x00000000eab00000, 0x00000000eba80000, 0x0000000100000000)
  eden space 12288K, 100% used [0x00000000eab00000,0x00000000eb700000,0x00000000eb700000)
  from space 512K, 81% used [0x00000000eba00000,0x00000000eba68000,0x00000000eba80000)
  to   space 1024K, 0% used [0x00000000eb880000,0x00000000eb880000,0x00000000eb980000)
 ParOldGen       total 136192K, used 130258K [0x00000000c0000000, 0x00000000c8500000, 0x00000000eab00000)
  object space 136192K, 95% used [0x00000000c0000000,0x00000000c7f349f8,0x00000000c8500000)
 Metaspace       used 94456K, committed 95744K, reserved 1138688K
  class space    used 9137K, committed 9664K, reserved 1048576K
}
Event: 18491.632 GC heap after
{Heap after GC invocations=28858 (full 739):
 PSYoungGen      total 13312K, used 996K [0x00000000eab00000, 0x00000000ebb00000, 0x0000000100000000)
  eden space 12288K, 0% used [0x00000000eab00000,0x00000000eab00000,0x00000000eb700000)
  from space 1024K, 97% used [0x00000000eb880000,0x00000000eb979210,0x00000000eb980000)
  to   space 1536K, 0% used [0x00000000eb980000,0x00000000eb980000,0x00000000ebb00000)
 ParOldGen       total 136192K, used 130642K [0x00000000c0000000, 0x00000000c8500000, 0x00000000eab00000)
  object space 136192K, 95% used [0x00000000c0000000,0x00000000c7f94a68,0x00000000c8500000)
 Metaspace       used 94456K, committed 95744K, reserved 1138688K
  class space    used 9137K, committed 9664K, reserved 1048576K
}
Event: 18491.642 GC heap before
{Heap before GC invocations=28859 (full 739):
 PSYoungGen      total 13312K, used 13284K [0x00000000eab00000, 0x00000000ebb00000, 0x0000000100000000)
  eden space 12288K, 100% used [0x00000000eab00000,0x00000000eb700000,0x00000000eb700000)
  from space 1024K, 97% used [0x00000000eb880000,0x00000000eb979210,0x00000000eb980000)
  to   space 1536K, 0% used [0x00000000eb980000,0x00000000eb980000,0x00000000ebb00000)
 ParOldGen       total 136192K, used 130642K [0x00000000c0000000, 0x00000000c8500000, 0x00000000eab00000)
  object space 136192K, 95% used [0x00000000c0000000,0x00000000c7f94a68,0x00000000c8500000)
 Metaspace       used 94456K, committed 95744K, reserved 1138688K
  class space    used 9137K, committed 9664K, reserved 1048576K
}
Event: 18491.644 GC heap after
{Heap after GC invocations=28859 (full 739):
 PSYoungGen      total 13312K, used 768K [0x00000000eab00000, 0x00000000eba80000, 0x0000000100000000)
  eden space 12288K, 0% used [0x00000000eab00000,0x00000000eab00000,0x00000000eb700000)
  from space 1024K, 75% used [0x00000000eb980000,0x00000000eba40000,0x00000000eba80000)
  to   space 1024K, 0% used [0x00000000eb880000,0x00000000eb880000,0x00000000eb980000)
 ParOldGen       total 136192K, used 131632K [0x00000000c0000000, 0x00000000c8500000, 0x00000000eab00000)
  object space 136192K, 96% used [0x00000000c0000000,0x00000000c808c308,0x00000000c8500000)
 Metaspace       used 94456K, committed 95744K, reserved 1138688K
  class space    used 9137K, committed 9664K, reserved 1048576K
}

